{
  "stats": {
    "suites": 1,
    "tests": 7,
    "passes": 5,
    "pending": 1,
    "failures": 1,
    "start": "2025-09-10T19:37:14.271Z",
    "end": "2025-09-10T19:38:48.692Z",
    "duration": 94421,
    "testsRegistered": 7,
    "passPercent": 83.33333333333334,
    "pendingPercent": 14.285714285714285,
    "other": 0,
    "hasOther": false,
    "skipped": 0,
    "hasSkipped": false
  },
  "results": [
    {
      "uuid": "6ddd0795-cc54-4d12-92c0-eb0213c17fc5",
      "title": "",
      "fullFile": "cypress\\e2e\\HRM_TC_AdminDasgboard.cy.js",
      "file": "cypress\\e2e\\HRM_TC_AdminDasgboard.cy.js",
      "beforeHooks": [],
      "afterHooks": [],
      "tests": [],
      "suites": [
        {
          "uuid": "aa5ccfe0-f076-4668-89a1-0863b35ab20d",
          "title": "Admin Dashboard",
          "fullFile": "",
          "file": "",
          "beforeHooks": [],
          "afterHooks": [],
          "tests": [
            {
              "title": "Navigate to Admin Dashboard",
              "fullTitle": "Admin Dashboard Navigate to Admin Dashboard",
              "timedOut": null,
              "duration": 13999,
              "state": "passed",
              "speed": "slow",
              "pass": true,
              "fail": false,
              "pending": false,
              "context": null,
              "code": "cy.wait(5000);\n_HRM_AdminPageActions.default.clickOnAdminDashboard();\n// hrm_AdminPageActions.checkBreadCumPathAtAdmin();",
              "err": {},
              "uuid": "6e1e2328-08ff-414a-850f-19f8a662622d",
              "parentUUID": "aa5ccfe0-f076-4668-89a1-0863b35ab20d",
              "isHook": false,
              "skipped": false
            },
            {
              "title": "Verify Admin/UserManagement breadcum path",
              "fullTitle": "Admin Dashboard Verify Admin/UserManagement breadcum path",
              "timedOut": null,
              "duration": 10340,
              "state": "passed",
              "speed": "slow",
              "pass": true,
              "fail": false,
              "pending": false,
              "context": null,
              "code": "cy.wait(5000);\n_HRM_AdminPageActions.default.clickOnAdminDashboard();\n_HRM_AdminPageActions.default.checkBreadCumPathAtAdmin();",
              "err": {},
              "uuid": "bea5ea62-df7d-4608-8b09-7ac9e42b0e02",
              "parentUUID": "aa5ccfe0-f076-4668-89a1-0863b35ab20d",
              "isHook": false,
              "skipped": false
            },
            {
              "title": "Verify job Dropdown item list",
              "fullTitle": "Admin Dashboard Verify job Dropdown item list",
              "timedOut": null,
              "duration": 12919,
              "state": "passed",
              "speed": "slow",
              "pass": true,
              "fail": false,
              "pending": false,
              "context": null,
              "code": "cy.wait(5000);\n_HRM_AdminPageActions.default.clickOnAdminDashboard();\n_HRM_AdminPageActions.default.checkBreadCumPathAtAdmin();\n_HRM_AdminPageActions.default.checkJobMenuDropDownList(\"Pay Grades\");",
              "err": {},
              "uuid": "2bdba046-20bc-41de-89b4-0d165b4eb32e",
              "parentUUID": "aa5ccfe0-f076-4668-89a1-0863b35ab20d",
              "isHook": false,
              "skipped": false
            },
            {
              "title": "Verify Admin Organisaton Dropdown item list",
              "fullTitle": "Admin Dashboard Verify Admin Organisaton Dropdown item list",
              "timedOut": null,
              "duration": 12892,
              "state": "passed",
              "speed": "slow",
              "pass": true,
              "fail": false,
              "pending": false,
              "context": null,
              "code": "cy.wait(5000);\n_HRM_AdminPageActions.default.clickOnAdminDashboard();\n_HRM_AdminPageActions.default.checkBreadCumPathAtAdmin();\n_HRM_AdminPageActions.default.checkOrganisationMenuDropDownList(\"Locations\");",
              "err": {},
              "uuid": "36556a56-fda3-4df1-a027-2e4a8182d8fc",
              "parentUUID": "aa5ccfe0-f076-4668-89a1-0863b35ab20d",
              "isHook": false,
              "skipped": false
            },
            {
              "title": "Verify Admin Qualifications Dropdown item list",
              "fullTitle": "Admin Dashboard Verify Admin Qualifications Dropdown item list",
              "timedOut": null,
              "duration": 12944,
              "state": "passed",
              "speed": "slow",
              "pass": true,
              "fail": false,
              "pending": false,
              "context": null,
              "code": "cy.wait(5000);\n_HRM_AdminPageActions.default.clickOnAdminDashboard();\n_HRM_AdminPageActions.default.checkBreadCumPathAtAdmin();\n_HRM_AdminPageActions.default.checkQualificationMenuDropdownList(\"Languages\");",
              "err": {},
              "uuid": "aaa47528-070c-4e96-9a5d-368da91b2a39",
              "parentUUID": "aa5ccfe0-f076-4668-89a1-0863b35ab20d",
              "isHook": false,
              "skipped": false
            },
            {
              "title": "Verify Add Skills",
              "fullTitle": "Admin Dashboard Verify Add Skills",
              "timedOut": null,
              "duration": 17293,
              "state": "failed",
              "speed": null,
              "pass": false,
              "fail": true,
              "pending": false,
              "context": null,
              "code": "_HRM_AdminPageActions.default.clickOnAdminDashboard();\n_HRM_AdminPageActions.default.checkQualificationMenuDropdownList(\"Skills\");\n_HRM_AdminPageActions.default.addSkills(\"CypressAutomatioadfdfdfsdasdn\", \"Automation with Cypress\");\n_HRM_AdminPageActions.default.verifyToastORSuccessfullAlert();",
              "err": {
                "message": "AssertionError: Timed out retrying after 5000ms: Expected to find element: `.oxd-toast`, but never found it.",
                "estack": "AssertionError: Timed out retrying after 5000ms: Expected to find element: `.oxd-toast`, but never found it.\n    at HRM_AdminPageActions.verifyToastORSuccessfullAlert (webpack://my-cypress-project/./cypress/PageActions/HRM_AdminPageActions.cy.js:131:7)\n    at Context.eval (webpack://my-cypress-project/./cypress/e2e/HRM_TC_AdminDasgboard.cy.js:45:25)",
                "diff": null
              },
              "uuid": "fc07903b-9380-46d4-860a-df6cf1de5104",
              "parentUUID": "aa5ccfe0-f076-4668-89a1-0863b35ab20d",
              "isHook": false,
              "skipped": false
            },
            {
              "title": "Verify delete skills",
              "fullTitle": "Admin Dashboard Verify delete skills",
              "timedOut": null,
              "duration": 0,
              "state": "pending",
              "speed": null,
              "pass": false,
              "fail": false,
              "pending": true,
              "context": null,
              "code": "_HRM_AdminPageActions.default.clickOnAdminDashboard();\n_HRM_AdminPageActions.default.checkQualificationMenuDropdownList(\"Skills\");\nlet rendonCharacter = _HRM_AdminPageActions.default.generateRandomAlphaNumeric(6);\n_HRM_AdminPageActions.default.addSkills(`Automation+${rendonCharacter}`, \"Automation with Cypress\");\n_HRM_AdminPageActions.default.verifyToastORSuccessfullAlert();\n_HRM_AdminPageActions.default.deleteSkills(\"sdsdsdsdsdsdsdsdsdsd\");\n_HRM_AdminPageActions.default.verifyDeletedSuccessfully();",
              "err": {},
              "uuid": "aa41287a-b731-494f-86eb-b972e8960b9b",
              "parentUUID": "aa5ccfe0-f076-4668-89a1-0863b35ab20d",
              "isHook": false,
              "skipped": false
            }
          ],
          "suites": [],
          "passes": [
            "6e1e2328-08ff-414a-850f-19f8a662622d",
            "bea5ea62-df7d-4608-8b09-7ac9e42b0e02",
            "2bdba046-20bc-41de-89b4-0d165b4eb32e",
            "36556a56-fda3-4df1-a027-2e4a8182d8fc",
            "aaa47528-070c-4e96-9a5d-368da91b2a39"
          ],
          "failures": [
            "fc07903b-9380-46d4-860a-df6cf1de5104"
          ],
          "pending": [
            "aa41287a-b731-494f-86eb-b972e8960b9b"
          ],
          "skipped": [],
          "duration": 80387,
          "root": false,
          "rootEmpty": false,
          "_timeout": 2000
        }
      ],
      "passes": [],
      "failures": [],
      "pending": [],
      "skipped": [],
      "duration": 0,
      "root": true,
      "rootEmpty": true,
      "_timeout": 2000
    }
  ],
  "meta": {
    "mocha": {
      "version": "7.2.0"
    },
    "mochawesome": {
      "options": {
        "quiet": false,
        "reportFilename": "mochawesome",
        "saveHtml": true,
        "saveJson": true,
        "consoleReporter": "spec",
        "useInlineDiffs": false,
        "code": true
      },
      "version": "7.1.3"
    },
    "marge": {
      "options": {
        "id": "default",
        "reportDir": "cypress/reports/mocha",
        "overwrite": false,
        "html": true,
        "json": true
      },
      "version": "6.2.0"
    }
  }
}