<?xml version="1.0" encoding="UTF-8"?>
<testsuites name="Mocha Tests" time="13.022" tests="3" failures="1">
  <testsuite name="Root Suite" timestamp="2025-09-06T20:19:02" tests="0" file="cypress\e2e\HRM_TC_Login.cy.js" time="0.000" failures="0">
  </testsuite>
  <testsuite name="HRM login Test" timestamp="2025-09-06T20:19:02" tests="3" time="13.019" failures="1">
    <testcase name="HRM login Test Perform login using UN and Pwd" time="5.694" classname="Perform login using UN and Pwd">
    </testcase>
    <testcase name="HRM login Test Verify UserProfile" time="4.266" classname="Verify UserProfile">
    </testcase>
    <testcase name="HRM login Test logout from the application" time="0.000" classname="logout from the application">
      <failure message="Timed out retrying after 1000ms: Expected to find element: `//input[@name=&apos;username&apos;]`, but never found it." type="AssertionError"><![CDATA[AssertionError: Timed out retrying after 1000ms: Expected to find element: `//input[@name='username']`, but never found it.
    at HRM_loginPageElements.eval [as userName] (webpack://my-cypress-project/./cypress/PageObjects/HRM_loginPageElements.cy.js:5:75)
    at HRM_loginPageActions.enterUserName (webpack://my-cypress-project/./cypress/PageActions/HRM_loginPageActions.cy.js:7:7)
    at Context.eval (webpack://my-cypress-project/./cypress/support/commands.js:4:19)
    at wrapped (https://opensource-demo.orangehrmlive.com/__cypress/runner/cypress_runner.js:141509:43)]]></failure>
    </testcase>
  </testsuite>
</testsuites>