<?xml version="1.0" encoding="UTF-8"?>
<testsuites name="Mocha Tests" time="17.732" tests="3" failures="1">
  <testsuite name="Root Suite" timestamp="2025-09-09T10:58:15" tests="0" file="cypress\e2e\HRM_TC_Login.cy.js" time="0.000" failures="0">
  </testsuite>
  <testsuite name="HRM login Test" timestamp="2025-09-09T10:58:15" tests="3" time="17.731" failures="1">
    <testcase name="HRM login Test Perform login using UN and Pwd" time="6.721" classname="Perform login using UN and Pwd">
    </testcase>
    <testcase name="HRM login Test Verify UserProfile" time="3.917" classname="Verify UserProfile">
    </testcase>
    <testcase name="HRM login Test logout from the application" time="0.000" classname="logout from the application">
      <failure message="The following error originated from your application code, not from Cypress. It was caused by an unhandled promise rejection.

  &gt; Cannot read properties of undefined (reading &apos;response&apos;)

When Cypress detects uncaught errors originating from your application it will automatically fail the current test.

This behavior is configurable, and you can choose to turn this off by listening to the `uncaught:exception` event.

https://on.cypress.io/uncaught-exception-from-application" type="TypeError"><![CDATA[TypeError: The following error originated from your application code, not from Cypress. It was caused by an unhandled promise rejection.

  > Cannot read properties of undefined (reading 'response')

When Cypress detects uncaught errors originating from your application it will automatically fail the current test.

This behavior is configurable, and you can choose to turn this off by listening to the `uncaught:exception` event.

https://on.cypress.io/uncaught-exception-from-application
    at <unknown> (https://opensource-demo.orangehrmlive.com/web/dist/js/app.js?v=1721393199309:1:11603)
    at async Dt.request (https://opensource-demo.orangehrmlive.com/web/dist/js/chunk-vendors.js?v=1721393199309:144:77071)
    at Dt.request (https://opensource-demo.orangehrmlive.com/web/dist/js/chunk-vendors.js?v=1721393199309:144:77164)]]></failure>
    </testcase>
  </testsuite>
</testsuites>